********************************************************************************
DUPLICATOR-LITE PACKAGE-LOG: 2022-10-07 4:45 am
NOTICE: Do NOT post to public sites or forums 
********************************************************************************
VERSION:	1.5.0
WORDPRESS:	6.0.2
PHP INFO:	7.4.29 | SAPI: apache2handler
SERVER:		Apache/2.4.53 (Win64) OpenSSL/1.1.1n PHP/7.4.29 
PHP TIME LIMIT: (0) no time limit imposed 
PHP MAX MEMORY: 4294967296 (512M default) 
MEMORY STACK: 6MB

********************************************************************************
DATABASE:
********************************************************************************
BUILD MODE:   MYSQLDUMP
MYSQLTIMEOUT: 5000
MYSQLDUMP:    Is Supported
SQL CREATED: 20221004_examwp_598c510525e509008204_20221007044541_database.sql
SQL FILE SIZE: 1.66MB (1742732)
SQL FILE TIME: 2022-10-07 04:46:01
SQL RUNTIME: 3.79 sec.

********************************************************************************
ARCHIVE (ZIP):
********************************************************************************
ARCHIVE DIR:  C:/xampp/htdocs/AGL_Exam
ARCHIVE FILE: 20221004_examwp_598c510525e509008204_20221007044541_archive.zip
FILTERS: *OFF*
DIRS:
	not set
FILES:
	not set
EXTS:  not set
----------------------------------------
COMPRESSING
SIZE:	112.13MB
STATS:	Dirs 717 | Files 5,447
SQL ADDED: 20221004_examwp_598c510525e509008204_20221007044541_database.sql
ZipArchive Object
(
    [status] => 0
    [statusSys] => 0
    [numFiles] => 6164
    [filename] => C:\xampp\htdocs\AGL_Exam\wp-content\backups-dup-lite\tmp\20221004_examwp_598c510525e509008204_20221007044541_archive.zip
    [comment] => 
)

FILE ADDED TO ZIP: 6163
COMPRESSION RESULT: '1'
COMPRESSED SIZE: 54.68MB
ARCHIVE RUNTIME: 21.58 sec.
MEMORY STACK: 8MB
building installer
ARCHIVE CONSISTENCY TEST: PASS

********************************************************************************
INTEGRITY CHECKS:
********************************************************************************
SQL FILE: 1.66MB
INSTALLER FILE: 73.35KB
ARCHIVE FILE: 56.51MB 
EXPECTED FILE/DIRECTORY COUNT: 6,164
ACTUAL FILE/DIRECTORY COUNT: 6,163
ARCHIVE CONSISTENCY TEST: Pass

********************************************************************************
RECORD ID:[5]
TOTAL PROCESS RUNTIME: 29.35 sec.
PEAK PHP MEMORY USED: 8MB
DONE PROCESSING => 20221004_examwp 2022-10-07 4:46 am

