********************************************************************************
DUPLICATOR-LITE PACKAGE-LOG: 2022-10-07 4:35 am
NOTICE: Do NOT post to public sites or forums 
********************************************************************************
VERSION:	1.5.0
WORDPRESS:	6.0.2
PHP INFO:	7.4.29 | SAPI: apache2handler
SERVER:		Apache/2.4.53 (Win64) OpenSSL/1.1.1n PHP/7.4.29 
PHP TIME LIMIT: (0) no time limit imposed 
PHP MAX MEMORY: 4294967296 (512M default) 
MEMORY STACK: 6MB

********************************************************************************
DATABASE:
********************************************************************************
BUILD MODE:   MYSQLDUMP
MYSQLTIMEOUT: 5000
MYSQLDUMP:    Is Supported
SQL CREATED: 20221004_examwp_30512b303248173d9048_20221007043442_database.sql
SQL FILE SIZE: 1.65MB (1725312)
SQL FILE TIME: 2022-10-07 04:35:07
SQL RUNTIME: 4.20 sec.

********************************************************************************
ARCHIVE (ZIP):
********************************************************************************
ARCHIVE DIR:  C:/xampp/htdocs/AGL_Exam
ARCHIVE FILE: 20221004_examwp_30512b303248173d9048_20221007043442_archive.zip
FILTERS: *OFF*
DIRS:
	not set
FILES:
	not set
EXTS:  not set
----------------------------------------
COMPRESSING
SIZE:	112.48MB
STATS:	Dirs 717 | Files 5,448
SQL ADDED: 20221004_examwp_30512b303248173d9048_20221007043442_database.sql
ZipArchive Object
(
    [status] => 0
    [statusSys] => 0
    [numFiles] => 6165
    [filename] => C:\xampp\htdocs\AGL_Exam\wp-content\backups-dup-lite\tmp\20221004_examwp_30512b303248173d9048_20221007043442_archive.zip
    [comment] => 
)

FILE ADDED TO ZIP: 6164
COMPRESSION RESULT: '1'
COMPRESSED SIZE: 55.01MB
ARCHIVE RUNTIME: 24.19 sec.
MEMORY STACK: 8MB
building installer
ARCHIVE CONSISTENCY TEST: PASS

********************************************************************************
INTEGRITY CHECKS:
********************************************************************************
SQL FILE: 1.65MB
INSTALLER FILE: 73.35KB
ARCHIVE FILE: 56.85MB 
EXPECTED FILE/DIRECTORY COUNT: 6,165
ACTUAL FILE/DIRECTORY COUNT: 6,164
ARCHIVE CONSISTENCY TEST: Pass

********************************************************************************
RECORD ID:[4]
TOTAL PROCESS RUNTIME: 32.25 sec.
PEAK PHP MEMORY USED: 8MB
DONE PROCESSING => 20221004_examwp 2022-10-07 4:35 am

