********************************************************************************
DUPLICATOR-LITE PACKAGE-LOG: 2022-10-07 4:03 am
NOTICE: Do NOT post to public sites or forums 
********************************************************************************
VERSION:	1.5.0
WORDPRESS:	6.0.2
PHP INFO:	7.4.29 | SAPI: apache2handler
SERVER:		Apache/2.4.53 (Win64) OpenSSL/1.1.1n PHP/7.4.29 
PHP TIME LIMIT: (0) no time limit imposed 
PHP MAX MEMORY: 4294967296 (512M default) 
MEMORY STACK: 8MB

********************************************************************************
DATABASE:
********************************************************************************
BUILD MODE:   MYSQLDUMP
MYSQLTIMEOUT: 5000
MYSQLDUMP:    Is Supported
SQL CREATED: 20221004_examwp_9327b3adc148c7274100_20221007040312_database.sql
SQL FILE SIZE: 1.61MB (1690032)
SQL FILE TIME: 2022-10-07 04:03:35
SQL RUNTIME: 3.10 sec.

********************************************************************************
ARCHIVE (ZIP):
********************************************************************************
ARCHIVE DIR:  C:/xampp/htdocs/AGL_Exam
ARCHIVE FILE: 20221004_examwp_9327b3adc148c7274100_20221007040312_archive.zip
FILTERS: *OFF*
DIRS:
	not set
FILES:
	not set
EXTS:  not set
----------------------------------------
COMPRESSING
SIZE:	112.48MB
STATS:	Dirs 717 | Files 5,448
SQL ADDED: 20221004_examwp_9327b3adc148c7274100_20221007040312_database.sql
ZipArchive Object
(
    [status] => 0
    [statusSys] => 0
    [numFiles] => 6165
    [filename] => C:\xampp\htdocs\AGL_Exam\wp-content\backups-dup-lite\tmp\20221004_examwp_9327b3adc148c7274100_20221007040312_archive.zip
    [comment] => 
)

FILE ADDED TO ZIP: 6164
COMPRESSION RESULT: '1'
COMPRESSED SIZE: 55.01MB
ARCHIVE RUNTIME: 24.63 sec.
MEMORY STACK: 10MB
building installer
ARCHIVE CONSISTENCY TEST: PASS

********************************************************************************
INTEGRITY CHECKS:
********************************************************************************
SQL FILE: 1.61MB
INSTALLER FILE: 73.35KB
ARCHIVE FILE: 56.85MB 
EXPECTED FILE/DIRECTORY COUNT: 6,165
ACTUAL FILE/DIRECTORY COUNT: 6,164
ARCHIVE CONSISTENCY TEST: Pass

********************************************************************************
RECORD ID:[2]
TOTAL PROCESS RUNTIME: 31.88 sec.
PEAK PHP MEMORY USED: 10MB
DONE PROCESSING => 20221004_examwp 2022-10-07 4:04 am

