********************************************************************************
DUPLICATOR-LITE PACKAGE-LOG: 2022-10-04 10:18 am
NOTICE: Do NOT post to public sites or forums 
********************************************************************************
VERSION:	1.5.0
WORDPRESS:	6.0.2
PHP INFO:	7.4.29 | SAPI: apache2handler
SERVER:		Apache/2.4.53 (Win64) OpenSSL/1.1.1n PHP/7.4.29 
PHP TIME LIMIT: (0) no time limit imposed 
PHP MAX MEMORY: 4294967296 (512M default) 
MEMORY STACK: 6MB

********************************************************************************
DATABASE:
********************************************************************************
BUILD MODE:   MYSQLDUMP
MYSQLTIMEOUT: 5000
MYSQLDUMP:    Is Supported
SQL CREATED: 20221004_examwp_c8ab15f0879b34772597_20221004101748_database.sql
SQL FILE SIZE: 1.47MB (1542963)
SQL FILE TIME: 2022-10-04 10:18:41
SQL RUNTIME: 3.48 sec.

********************************************************************************
ARCHIVE (ZIP):
********************************************************************************
ARCHIVE DIR:  C:/xampp/htdocs/AGL_Exam
ARCHIVE FILE: 20221004_examwp_c8ab15f0879b34772597_20221004101748_archive.zip
FILTERS: *OFF*
DIRS:
	not set
FILES:
	not set
EXTS:  not set
----------------------------------------
COMPRESSING
SIZE:	110.26MB
STATS:	Dirs 715 | Files 5,438
SQL ADDED: 20221004_examwp_c8ab15f0879b34772597_20221004101748_database.sql
ZipArchive Object
(
    [status] => 0
    [statusSys] => 0
    [numFiles] => 6153
    [filename] => C:\xampp\htdocs\AGL_Exam\wp-content\backups-dup-lite\tmp\20221004_examwp_c8ab15f0879b34772597_20221004101748_archive.zip
    [comment] => 
)

FILE ADDED TO ZIP: 6152
COMPRESSION RESULT: '1'
COMPRESSED SIZE: 53.04MB
ARCHIVE RUNTIME: 25.14 sec.
MEMORY STACK: 8MB
building installer
ARCHIVE CONSISTENCY TEST: PASS

********************************************************************************
INTEGRITY CHECKS:
********************************************************************************
SQL FILE: 1.47MB
INSTALLER FILE: 73.35KB
ARCHIVE FILE: 54.88MB 
EXPECTED FILE/DIRECTORY COUNT: 6,153
ACTUAL FILE/DIRECTORY COUNT: 6,152
ARCHIVE CONSISTENCY TEST: Pass

********************************************************************************
RECORD ID:[1]
TOTAL PROCESS RUNTIME: 32.58 sec.
PEAK PHP MEMORY USED: 8MB
DONE PROCESSING => 20221004_examwp 2022-10-04 10:19 am

