********************************************************************************
DUPLICATOR-LITE PACKAGE-LOG: 23 September 2022 01:09
NOTICE: Do NOT post to public sites or forums 
********************************************************************************
VERSION:	1.5.0
WORDPRESS:	6.0.2
PHP INFO:	7.4.29 | SAPI: apache2handler
SERVER:		Apache/2.4.53 (Win64) OpenSSL/1.1.1n PHP/7.4.29 
PHP TIME LIMIT: (0) no time limit imposed 
PHP MAX MEMORY: 4294967296 (512M default) 
MEMORY STACK: 24MB

********************************************************************************
DATABASE:
********************************************************************************
BUILD MODE:   MYSQLDUMP
MYSQLTIMEOUT: 5000
MYSQLDUMP:    Is Supported
SQL CREATED: 20220923_task13_24bd78f5461f72907422_20220923010918_database.sql
SQL FILE SIZE: 1006.93KB (1031101)
SQL FILE TIME: 2022-09-23 01:09:35
SQL RUNTIME: 2.28 sec.

********************************************************************************
ARCHIVE (ZIP):
********************************************************************************
ARCHIVE DIR:  C:/xampp/htdocs/AGL_Task13
ARCHIVE FILE: 20220923_task13_24bd78f5461f72907422_20220923010918_archive.zip
FILTERS: *OFF*
DIRS:
	not set
FILES:
	not set
EXTS:  not set
----------------------------------------
COMPRESSING
SIZE:	68.6MB
STATS:	Dirs 476 | Files 3,828
SQL ADDED: 20220923_task13_24bd78f5461f72907422_20220923010918_database.sql
ZipArchive Object
(
    [status] => 0
    [statusSys] => 0
    [numFiles] => 4304
    [filename] => C:\xampp\htdocs\AGL_Task13\wp-content\backups-dup-lite\tmp\20220923_task13_24bd78f5461f72907422_20220923010918_archive.zip
    [comment] => 
)

FILE ADDED TO ZIP: 4303
COMPRESSION RESULT: '1'
COMPRESSED SIZE: 20.65MB
ARCHIVE RUNTIME: 15.73 sec.
MEMORY STACK: 24MB
building installer
ARCHIVE CONSISTENCY TEST: PASS

********************************************************************************
INTEGRITY CHECKS:
********************************************************************************
SQL FILE: 1006.93KB
INSTALLER FILE: 73.35KB
ARCHIVE FILE: 22.45MB 
EXPECTED FILE/DIRECTORY COUNT: 4,304
ACTUAL FILE/DIRECTORY COUNT: 4,303
ARCHIVE CONSISTENCY TEST: Pass

********************************************************************************
RECORD ID:[1]
TOTAL PROCESS RUNTIME: 21.17 sec.
PEAK PHP MEMORY USED: 26MB
DONE PROCESSING => 20220923_task13 23 September 2022 01:09

