********************************************************************************
DUPLICATOR-LITE PACKAGE-LOG: 28 September, 2022 1:20 am
NOTICE: Do NOT post to public sites or forums 
********************************************************************************
VERSION:	1.5.0
WORDPRESS:	6.0.2
PHP INFO:	7.4.29 | SAPI: apache2handler
SERVER:		Apache/2.4.53 (Win64) OpenSSL/1.1.1n PHP/7.4.29 
PHP TIME LIMIT: (0) no time limit imposed 
PHP MAX MEMORY: 4294967296 (512M default) 
MEMORY STACK: 6MB

********************************************************************************
DATABASE:
********************************************************************************
BUILD MODE:   MYSQLDUMP
MYSQLTIMEOUT: 5000
MYSQLDUMP:    Is Supported
SQL CREATED: 20220928_task14_d92b9dff5036c4cb7938_20220928012032_database.sql
SQL FILE SIZE: 1.42MB (1487307)
SQL FILE TIME: 2022-09-28 01:20:57
SQL RUNTIME: 3.78 sec.

********************************************************************************
ARCHIVE (ZIP):
********************************************************************************
ARCHIVE DIR:  C:/xampp/htdocs/AGL_Task14
ARCHIVE FILE: 20220928_task14_d92b9dff5036c4cb7938_20220928012032_archive.zip
FILTERS: *OFF*
DIRS:
	not set
FILES:
	not set
EXTS:  not set
----------------------------------------
COMPRESSING
SIZE:	121.29MB
STATS:	Dirs 898 | Files 6,142
SQL ADDED: 20220928_task14_d92b9dff5036c4cb7938_20220928012032_database.sql
ZipArchive Object
(
    [status] => 0
    [statusSys] => 0
    [numFiles] => 7040
    [filename] => C:\xampp\htdocs\AGL_Task14\wp-content\backups-dup-lite\tmp\20220928_task14_d92b9dff5036c4cb7938_20220928012032_archive.zip
    [comment] => 
)

FILE ADDED TO ZIP: 7039
COMPRESSION RESULT: '1'
COMPRESSED SIZE: 57.25MB
ARCHIVE RUNTIME: 23.71 sec.
MEMORY STACK: 8MB
building installer
ARCHIVE CONSISTENCY TEST: PASS

********************************************************************************
INTEGRITY CHECKS:
********************************************************************************
SQL FILE: 1.42MB
INSTALLER FILE: 73.35KB
ARCHIVE FILE: 59.11MB 
EXPECTED FILE/DIRECTORY COUNT: 7,040
ACTUAL FILE/DIRECTORY COUNT: 7,039
ARCHIVE CONSISTENCY TEST: Pass

********************************************************************************
RECORD ID:[1]
TOTAL PROCESS RUNTIME: 31.33 sec.
PEAK PHP MEMORY USED: 10MB
DONE PROCESSING => 20220928_task14 28 September, 2022 1:21 am

